<?xml version="1.0" encoding="UTF-8"?><testsuite name="nosetests" tests="32" errors="0" failures="0" skip="0"><testcase classname="tests.test_cli_commands.TestFlaskCLI" name="test_db_create" time="0.007"></testcase><testcase classname="tests.test_error_handler.TestErrorHandlers" name="test_bad_request_handler" time="0.011"></testcase><testcase classname="tests.test_error_handler.TestErrorHandlers" name="test_datavalidation_error_handler" time="0.003"></testcase><testcase classname="tests.test_error_handler.TestErrorHandlers" name="test_internal_server_error_handler" time="0.002"></testcase><testcase classname="tests.test_error_handler.TestErrorHandlers" name="test_mediatype_not_supported_handler" time="0.002"></testcase><testcase classname="tests.test_error_handler.TestErrorHandlers" name="test_method_not_supported_handler" time="0.002"></testcase><testcase classname="tests.test_error_handler.TestErrorHandlers" name="test_not_found_handler" time="0.002"></testcase><testcase classname="tests.test_models.TestAccount" name="test_add_a_account" time="0.089"></testcase><testcase classname="tests.test_models.TestAccount" name="test_create_an_account" time="0.006"></testcase><testcase classname="tests.test_models.TestAccount" name="test_delete_an_account" time="0.018"></testcase><testcase classname="tests.test_models.TestAccount" name="test_deserialize_an_account" time="0.009"></testcase><testcase classname="tests.test_models.TestAccount" name="test_deserialize_with_key_error" time="0.003"></testcase><testcase classname="tests.test_models.TestAccount" name="test_deserialize_with_type_error" time="0.002"></testcase><testcase classname="tests.test_models.TestAccount" name="test_find_by_name" time="0.014"></testcase><testcase classname="tests.test_models.TestAccount" name="test_list_all_accounts" time="0.025"></testcase><testcase classname="tests.test_models.TestAccount" name="test_read_account" time="0.010"></testcase><testcase classname="tests.test_models.TestAccount" name="test_serialize_an_account" time="0.004"></testcase><testcase classname="tests.test_models.TestAccount" name="test_update_account" time="0.015"></testcase><testcase classname="tests.test_routes.TestAccountService" name="test_bad_request" time="0.008"></testcase><testcase classname="tests.test_routes.TestAccountService" name="test_cors_security" time="0.005"></testcase><testcase classname="tests.test_routes.TestAccountService" name="test_create_account" time="0.016"></testcase><testcase classname="tests.test_routes.TestAccountService" name="test_delete_account" time="0.020"></testcase><testcase classname="tests.test_routes.TestAccountService" name="test_get_account" time="0.015"></testcase><testcase classname="tests.test_routes.TestAccountService" name="test_get_account_list" time="0.053"></testcase><testcase classname="tests.test_routes.TestAccountService" name="test_get_account_not_found" time="0.008"></testcase><testcase classname="tests.test_routes.TestAccountService" name="test_health" time="0.004"></testcase><testcase classname="tests.test_routes.TestAccountService" name="test_index" time="0.004"></testcase><testcase classname="tests.test_routes.TestAccountService" name="test_method_not_allowed" time="0.004"></testcase><testcase classname="tests.test_routes.TestAccountService" name="test_security_headers" time="0.004"></testcase><testcase classname="tests.test_routes.TestAccountService" name="test_unsupported_media_type" time="0.005"></testcase><testcase classname="tests.test_routes.TestAccountService" name="test_update_account" time="0.022"></testcase><testcase classname="tests.test_routes.TestAccountService" name="test_update_account_not_found" time="0.008"></testcase></testsuite>